Arguments: 
  /Users/ben/.nvm/versions/node/v8.8.1/bin/node /usr/local/Cellar/yarn/1.3.2/libexec/bin/yarn.js install

PATH: 
  /Users/ben/.rvm/gems/ruby-2.4.1/bin:/Users/ben/.rvm/gems/ruby-2.4.1@global/bin:/Users/ben/.rvm/rubies/ruby-2.4.1/bin:/Users/ben/.nvm/versions/node/v8.8.1/bin:/usr/local/bin:/usr/bin:/bin:/usr/sbin:/sbin:/usr/local/go/bin:/Users/ben/.rvm/bin:/Users/ben/github/pipeline/go/bin:/usr/local/opt/gnupg/libexec/gpgbin

Yarn version: 
  1.3.2

Node version: 
  8.8.1

Platform: 
  darwin x64

npm manifest: 
  {
    "name": "module-boilerplate",
    "version": "1.0.0",
    "description": "Stuff",
    "main": "index.js",
    "scripts": {
      "start": "babel-node indes.js",
      "test": "npm test",
      "clean": "rm -rf dist && mkdir -p dist",
    },
    "repository": {
      "type": "git",
      "url": "git+https://github.com/benogle/module-boilerplate.git"
    },
    "keywords": [
    ],
    "author": "ogle.ben@gmail.com",
    "license": "MIT",
    "bugs": {
      "url": "https://github.com/benogle/module-boilerplate/issues"
    },
    "homepage": "https://github.com/benogle/module-boilerplate#readme",
    "devDependencies": {
      "babel-core": "^6.26.0",
      "babel-eslint": "^8.0.0",
      "babel-plugin-transform-runtime": "^6.23.0",
      "babel-polyfill": "^6.26.0",
      "babel-preset-es2015": "^6.24.1",
      "babel-preset-stage-0": "^6.24.1",
      "babel-register": "^6.26.0",
      "babelify": "^8.0.0",
      "browserify": "^16.1.0",
      "concurrently": "^3.5.0",
      "eslint": "^4.7.2",
      "eslint-plugin-import": "^2.7.0",
      "standard": "^10.0.3",
      "standard-own": "^1.0.2",
      "uglify-js": "^3.3.11"
    },
    "standard-own": {
      "eslintConfig": {
        "configFile": "./.eslintrc.js"
      }
    }
  }

yarn manifest: 
  No manifest

Lockfile: 
  No lockfile

Trace: 
  SyntaxError: /Users/ben/github/forms/module-boilerplate/package.json: Unexpected token } in JSON at position 226
      at JSON.parse (<anonymous>)
      at /usr/local/Cellar/yarn/1.3.2/libexec/lib/cli.js:770:59
      at Generator.next (<anonymous>)
      at step (/usr/local/Cellar/yarn/1.3.2/libexec/lib/cli.js:92:30)
      at /usr/local/Cellar/yarn/1.3.2/libexec/lib/cli.js:103:13
      at <anonymous>
